Changed database context to 'datawarehouse'.
schema_name                                                                                                                      table_name                                                                                                                       row_count           
-------------------------------------------------------------------------------------------------------------------------------- -------------------------------------------------------------------------------------------------------------------------------- --------------------
olap                                                                                                                             inventory_cuboid_0d_all                                                                                                                             1
olap                                                                                                                             inventory_cuboid_1d_product                                                                                                                       190
olap                                                                                                                             inventory_cuboid_1d_store                                                                                                                         160
olap                                                                                                                             inventory_cuboid_1d_time                                                                                                                           48
olap                                                                                                                             inventory_cuboid_2d_product_store                                                                                                               26035
olap                                                                                                                             inventory_cuboid_2d_time_product                                                                                                                 8880
olap                                                                                                                             inventory_cuboid_2d_time_store                                                                                                                   7680
olap                                                                                                                             inventory_cuboid_3d_time_product_store                                                                                                         905448
olap                                                                                                                             sales_cuboid_0d_all                                                                                                                                 1
olap                                                                                                                             sales_cuboid_1d_customer                                                                                                                         3000
olap                                                                                                                             sales_cuboid_1d_product                                                                                                                           190
olap                                                                                                                             sales_cuboid_1d_store                                                                                                                             160
olap                                                                                                                             sales_cuboid_1d_time                                                                                                                               48
olap                                                                                                                             sales_cuboid_2d_product_customer                                                                                                               152325
olap                                                                                                                             sales_cuboid_2d_product_store                                                                                                                   25963
olap                                                                                                                             sales_cuboid_2d_store_customer                                                                                                                  60254
olap                                                                                                                             sales_cuboid_2d_time_customer                                                                                                                  100701
olap                                                                                                                             sales_cuboid_2d_time_product                                                                                                                     8880
olap                                                                                                                             sales_cuboid_2d_time_store                                                                                                                       7680
olap                                                                                                                             sales_cuboid_3d_product_store_customer                                                                                                         176185
olap                                                                                                                             sales_cuboid_3d_time_product_customer                                                                                                          179874
olap                                                                                                                             sales_cuboid_3d_time_product_store                                                                                                             180455
olap                                                                                                                             sales_cuboid_3d_time_store_customer                                                                                                            167622
olap                                                                                                                             sales_cuboid_4d_time_product_store_customer                                                                                                    180455

(24 rows affected)
cuboid_table_count status                          
------------------ --------------------------------
                24 OK: expected 24 cuboid tables   

(1 rows affected)
sales_cuboid_count inventory_cuboid_count status                                
------------------ ---------------------- --------------------------------------
                16                      8 OK: 16 Sales + 8 Inventory            

(1 rows affected)
schema_name                                                                                                                      table_name                                                                                                                       index_name                                                                                                                       index_type                                                  
-------------------------------------------------------------------------------------------------------------------------------- -------------------------------------------------------------------------------------------------------------------------------- -------------------------------------------------------------------------------------------------------------------------------- ------------------------------------------------------------
olap                                                                                                                             inventory_cuboid_0d_all                                                                                                          NULL                                                                                                                             HEAP                                                        
olap                                                                                                                             inventory_cuboid_1d_product                                                                                                      NULL                                                                                                                             HEAP                                                        
olap                                                                                                                             inventory_cuboid_1d_product                                                                                                      idx_inventory_cuboid_1d_product                                                                                                  NONCLUSTERED                                                
olap                                                                                                                             inventory_cuboid_1d_store                                                                                                        NULL                                                                                                                             HEAP                                                        
olap                                                                                                                             inventory_cuboid_1d_store                                                                                                        idx_inventory_cuboid_1d_store                                                                                                    NONCLUSTERED                                                
olap                                                                                                                             inventory_cuboid_1d_time                                                                                                         NULL                                                                                                                             HEAP                                                        
olap                                                                                                                             inventory_cuboid_1d_time                                                                                                         idx_inventory_cuboid_1d_time                                                                                                     NONCLUSTERED                                                
olap                                                                                                                             inventory_cuboid_2d_product_store                                                                                                NULL                                                                                                                             HEAP                                                        
olap                                                                                                                             inventory_cuboid_2d_product_store                                                                                                idx_inventory_cuboid_2d_product_store                                                                                            NONCLUSTERED                                                
olap                                                                                                                             inventory_cuboid_2d_time_product                                                                                                 NULL                                                                                                                             HEAP                                                        
olap                                                                                                                             inventory_cuboid_2d_time_product                                                                                                 idx_inventory_cuboid_2d_time_product                                                                                             NONCLUSTERED                                                
olap                                                                                                                             inventory_cuboid_2d_time_store                                                                                                   NULL                                                                                                                             HEAP                                                        
olap                                                                                                                             inventory_cuboid_2d_time_store                                                                                                   idx_inventory_cuboid_2d_time_store                                                                                               NONCLUSTERED                                                
olap                                                                                                                             inventory_cuboid_3d_time_product_store                                                                                           NULL                                                                                                                             HEAP                                                        
olap                                                                                                                             inventory_cuboid_3d_time_product_store                                                                                           idx_inventory_cuboid_3d_time_product_store                                                                                       NONCLUSTERED                                                
olap                                                                                                                             sales_cuboid_0d_all                                                                                                              NULL                                                                                                                             HEAP                                                        
olap                                                                                                                             sales_cuboid_1d_customer                                                                                                         NULL                                                                                                                             HEAP                                                        
olap                                                                                                                             sales_cuboid_1d_customer                                                                                                         idx_sales_cuboid_1d_customer                                                                                                     NONCLUSTERED                                                
olap                                                                                                                             sales_cuboid_1d_product                                                                                                          NULL                                                                                                                             HEAP                                                        
olap                                                                                                                             sales_cuboid_1d_product                                                                                                          idx_sales_cuboid_1d_product                                                                                                      NONCLUSTERED                                                
olap                                                                                                                             sales_cuboid_1d_store                                                                                                            NULL                                                                                                                             HEAP                                                        
olap                                                                                                                             sales_cuboid_1d_store                                                                                                            idx_sales_cuboid_1d_store                                                                                                        NONCLUSTERED                                                
olap                                                                                                                             sales_cuboid_1d_time                                                                                                             NULL                                                                                                                             HEAP                                                        
olap                                                                                                                             sales_cuboid_1d_time                                                                                                             idx_sales_cuboid_1d_time                                                                                                         NONCLUSTERED                                                
olap                                                                                                                             sales_cuboid_2d_product_customer                                                                                                 NULL                                                                                                                             HEAP                                                        
olap                                                                                                                             sales_cuboid_2d_product_customer                                                                                                 idx_sales_cuboid_2d_product_customer                                                                                             NONCLUSTERED                                                
olap                                                                                                                             sales_cuboid_2d_product_store                                                                                                    NULL                                                                                                                             HEAP                                                        
olap                                                                                                                             sales_cuboid_2d_product_store                                                                                                    idx_sales_cuboid_2d_product_store                                                                                                NONCLUSTERED                                                
olap                                                                                                                             sales_cuboid_2d_store_customer                                                                                                   NULL                                                                                                                             HEAP                                                        
olap                                                                                                                             sales_cuboid_2d_store_customer                                                                                                   idx_sales_cuboid_2d_store_customer                                                                                               NONCLUSTERED                                                
olap                                                                                                                             sales_cuboid_2d_time_customer                                                                                                    NULL                                                                                                                             HEAP                                                        
olap                                                                                                                             sales_cuboid_2d_time_customer                                                                                                    idx_sales_cuboid_2d_time_customer                                                                                                NONCLUSTERED                                                
olap                                                                                                                             sales_cuboid_2d_time_product                                                                                                     NULL                                                                                                                             HEAP                                                        
olap                                                                                                                             sales_cuboid_2d_time_product                                                                                                     idx_sales_cuboid_2d_time_product                                                                                                 NONCLUSTERED                                                
olap                                                                                                                             sales_cuboid_2d_time_store                                                                                                       NULL                                                                                                                             HEAP                                                        
olap                                                                                                                             sales_cuboid_2d_time_store                                                                                                       idx_sales_cuboid_2d_time_store                                                                                                   NONCLUSTERED                                                
olap                                                                                                                             sales_cuboid_3d_product_store_customer                                                                                           NULL                                                                                                                             HEAP                                                        
olap                                                                                                                             sales_cuboid_3d_product_store_customer                                                                                           idx_sales_cuboid_3d_product_store_customer                                                                                       NONCLUSTERED                                                
olap                                                                                                                             sales_cuboid_3d_time_product_customer                                                                                            NULL                                                                                                                             HEAP                                                        
olap                                                                                                                             sales_cuboid_3d_time_product_customer                                                                                            idx_sales_cuboid_3d_time_product_customer                                                                                        NONCLUSTERED                                                
olap                                                                                                                             sales_cuboid_3d_time_product_store                                                                                               NULL                                                                                                                             HEAP                                                        
olap                                                                                                                             sales_cuboid_3d_time_product_store                                                                                               idx_sales_cuboid_3d_time_product_store                                                                                           NONCLUSTERED                                                
olap                                                                                                                             sales_cuboid_3d_time_store_customer                                                                                              NULL                                                                                                                             HEAP                                                        
olap                                                                                                                             sales_cuboid_3d_time_store_customer                                                                                              idx_sales_cuboid_3d_time_store_customer                                                                                          NONCLUSTERED                                                
olap                                                                                                                             sales_cuboid_4d_time_product_store_customer                                                                                      NULL                                                                                                                             HEAP                                                        
olap                                                                                                                             sales_cuboid_4d_time_product_store_customer                                                                                      idx_sales_cuboid_4d_time_product_store_customer                                                                                  NONCLUSTERED                                                

(46 rows affected)
schema_name                                                                                                                      table_name                                                                                                                       total_mb             used_mb              data_mb             
-------------------------------------------------------------------------------------------------------------------------------- -------------------------------------------------------------------------------------------------------------------------------- -------------------- -------------------- --------------------
olap                                                                                                                             inventory_cuboid_3d_time_product_store                                                                                                          77.33                77.27                77.16
olap                                                                                                                             sales_cuboid_4d_time_product_store_customer                                                                                                     15.52                15.44                15.39
olap                                                                                                                             sales_cuboid_3d_time_product_store                                                                                                              14.14                14.05                14.01
olap                                                                                                                             sales_cuboid_3d_time_product_customer                                                                                                           14.08                14.01                13.96
olap                                                                                                                             sales_cuboid_3d_product_store_customer                                                                                                          13.77                13.72                13.67
olap                                                                                                                             sales_cuboid_3d_time_store_customer                                                                                                             13.14                13.04                13.00
olap                                                                                                                             sales_cuboid_2d_product_customer                                                                                                                10.77                10.67                10.63
olap                                                                                                                             sales_cuboid_2d_time_customer                                                                                                                    7.20                 7.05                 7.03
olap                                                                                                                             sales_cuboid_2d_store_customer                                                                                                                   4.33                 4.23                 4.21
olap                                                                                                                             inventory_cuboid_2d_product_store                                                                                                                2.14                 2.05                 2.02
olap                                                                                                                             sales_cuboid_2d_product_store                                                                                                                    1.95                 1.84                 1.82
olap                                                                                                                             inventory_cuboid_2d_time_product                                                                                                                  .83                  .72                  .70
olap                                                                                                                             inventory_cuboid_2d_time_store                                                                                                                    .77                  .63                  .60
olap                                                                                                                             sales_cuboid_2d_time_product                                                                                                                      .77                  .66                  .63
olap                                                                                                                             sales_cuboid_2d_time_store                                                                                                                        .70                  .56                  .54
olap                                                                                                                             sales_cuboid_1d_customer                                                                                                                          .45                  .22                  .20
olap                                                                                                                             inventory_cuboid_1d_product                                                                                                                       .20                  .04                  .02
olap                                                                                                                             inventory_cuboid_1d_store                                                                                                                         .20                  .04                  .02
olap                                                                                                                             sales_cuboid_1d_product                                                                                                                           .20                  .04                  .02
olap                                                                                                                             inventory_cuboid_1d_time                                                                                                                          .14                  .03                  .02
olap                                                                                                                             sales_cuboid_1d_store                                                                                                                             .14                  .03                  .02
olap                                                                                                                             sales_cuboid_1d_time                                                                                                                              .14                  .03                  .02
olap                                                                                                                             inventory_cuboid_0d_all                                                                                                                           .07                  .02                  .01
olap                                                                                                                             sales_cuboid_0d_all                                                                                                                               .07                  .02                  .01

(24 rows affected)
total_quantity_sold  total_sales_amount                       row_count           
-------------------- ---------------------------------------- --------------------
              813138                          194555574428.65               180455

(1 rows affected)
timekey     productkey  total_quantity_sold  total_sales_amount                       row_count           
----------- ----------- -------------------- ---------------------------------------- --------------------
     202201           1                   63                              12096000.00                   12
     202201           2                   61                               5673000.00                   16
     202201           3                   87                              36279000.00                   17
     202201           4                   77                               1540000.00                   16
     202201           5                  110                               2310000.00                   24
     202201           6                  111                              26307000.00                   23
     202201           7                  129                              28896000.00                   26
     202201           8                  103                              47071000.00                   21
     202201           9                  102                              13872000.00                   23
     202201          10                  127                              15748000.00                   28
     202201          11                   72                               9576000.00                   17
     202201          12                   59                               4189000.00                   17
     202201          13                   73                              10220000.00                   17
     202201          14                  117                              45630000.00                   31
     202201          15                   37                               7104000.00                   11
     202201          16                   80                              29440000.00                   19
     202201          17                   95                               7220000.00                   19
     202201          18                  124                              49724000.00                   26
     202201          19                  110                              16280000.00                   22
     202201          20                   84                              35112000.00                   17

(20 rows affected)
timekey     productkey  storekey    customerkey total_quantity_sold  total_sales_amount                       row_count           
----------- ----------- ----------- ----------- -------------------- ---------------------------------------- --------------------
     202201           1          13        1071                    2                                384000.00                    1
     202201           1          24         330                    3                                576000.00                    1
     202201           1          30        2140                    8                               1536000.00                    1
     202201           1          45         905                    4                                768000.00                    1
     202201           1          58        1358                    7                               1344000.00                    1
     202201           1          65         972                    5                                960000.00                    1
     202201           1          84         759                    6                               1152000.00                    1
     202201           1          89        2512                    3                                576000.00                    1
     202201           1          96        1020                    7                               1344000.00                    1
     202201           1          98         514                    8                               1536000.00                    1
     202201           1         102        1403                    4                                768000.00                    1
     202201           1         106        2888                    6                               1152000.00                    1
     202201           2           2        2198                    1                                 93000.00                    1
     202201           2           4        2326                    4                                372000.00                    1
     202201           2          19        1347                    5                                465000.00                    1
     202201           2          47        1552                    3                                279000.00                    1
     202201           2          59        1912                    5                                465000.00                    1
     202201           2          66         612                    5                                465000.00                    1
     202201           2          68        2679                    7                                651000.00                    1
     202201           2          81        1687                    2                                186000.00                    1

(20 rows affected)
total_inventory_quantity avg_inventory_quantity                   min_inventory_quantity max_inventory_quantity row_count           
------------------------ ---------------------------------------- ---------------------- ---------------------- --------------------
               578932009                               639.387362                    247                   1000               905448

(1 rows affected)
timekey     productkey  storekey    total_inventory_quantity avg_inventory_quantity                   min_inventory_quantity max_inventory_quantity row_count           
----------- ----------- ----------- ------------------------ ---------------------------------------- ---------------------- ---------------------- --------------------
     202201           1           1                      654                               654.000000                    654                    654                    1
     202201           1           5                      971                               971.000000                    971                    971                    1
     202201           1           7                      536                               536.000000                    536                    536                    1
     202201           1           8                      992                               992.000000                    992                    992                    1
     202201           1          10                      783                               783.000000                    783                    783                    1
     202201           1          11                      358                               358.000000                    358                    358                    1
     202201           1          13                      774                               774.000000                    774                    774                    1
     202201           1          14                      662                               662.000000                    662                    662                    1
     202201           1          15                      600                               600.000000                    600                    600                    1
     202201           1          16                      336                               336.000000                    336                    336                    1
     202201           1          18                      429                               429.000000                    429                    429                    1
     202201           1          19                      562                               562.000000                    562                    562                    1
     202201           1          20                      854                               854.000000                    854                    854                    1
     202201           1          21                      891                               891.000000                    891                    891                    1
     202201           1          22                      788                               788.000000                    788                    788                    1
     202201           1          23                      832                               832.000000                    832                    832                    1
     202201           1          24                      823                               823.000000                    823                    823                    1
     202201           1          28                      565                               565.000000                    565                    565                    1
     202201           1          29                      719                               719.000000                    719                    719                    1
     202201           1          30                      402                               402.000000                    402                    402                    1

(20 rows affected)
